<?xml version="1.0" encoding="UTF-8"?>
<testng-results skipped="0" failed="0" ignored="0" total="1" passed="1">
  <reporter-output>
  </reporter-output>
  <suite name="Suite" duration-ms="20459" started-at="2020-11-07T13:33:26Z" finished-at="2020-11-07T13:33:46Z">
    <groups>
    </groups>
    <test name="Test" duration-ms="20459" started-at="2020-11-07T13:33:26Z" finished-at="2020-11-07T13:33:46Z">
      <class name="tests.TC001_ValidateUserCredential">
        <test-method status="PASS" signature="login(java.lang.String)[pri:0, instance:tests.TC001_ValidateUserCredential@190c9c3]" name="login" is-config="true" duration-ms="15775" started-at="2020-11-07T13:33:26Z" finished-at="2020-11-07T13:33:42Z">
          <params>
            <param index="0">
              <value>
                <![CDATA[http://demo.guru99.com/test/newtours]]>
              </value>
            </param>
          </params>
          <reporter-output>
          </reporter-output>
        </test-method> <!-- login -->
        <test-method status="PASS" signature="validateCredential()[pri:0, instance:tests.TC001_ValidateUserCredential@190c9c3]" name="validateCredential" duration-ms="3920" started-at="2020-11-07T13:33:42Z" finished-at="2020-11-07T13:33:46Z">
          <reporter-output>
          </reporter-output>
        </test-method> <!-- validateCredential -->
        <test-method status="PASS" signature="closeBrowser()[pri:0, instance:tests.TC001_ValidateUserCredential@190c9c3]" name="closeBrowser" is-config="true" duration-ms="731" started-at="2020-11-07T13:33:46Z" finished-at="2020-11-07T13:33:46Z">
          <reporter-output>
          </reporter-output>
        </test-method> <!-- closeBrowser -->
      </class> <!-- tests.TC001_ValidateUserCredential -->
    </test> <!-- Test -->
  </suite> <!-- Suite -->
</testng-results>
