<?xml version="1.0" encoding="UTF-8"?>
<testng-results skipped="0" failed="0" ignored="0" total="1" passed="1">
  <reporter-output>
  </reporter-output>
  <suite name="Suite" duration-ms="22199" started-at="2020-11-07T22:38:56Z" finished-at="2020-11-07T22:39:18Z">
    <groups>
    </groups>
    <test name="Test" duration-ms="22199" started-at="2020-11-07T22:38:56Z" finished-at="2020-11-07T22:39:18Z">
      <class name="tests.TC001_ValidateUserCredential">
        <test-method status="PASS" signature="login(java.lang.String)[pri:0, instance:tests.TC001_ValidateUserCredential@1cab519]" name="login" is-config="true" duration-ms="14394" started-at="2020-11-07T22:38:56Z" finished-at="2020-11-07T22:39:11Z">
          <params>
            <param index="0">
              <value>
                <![CDATA[http://demo.guru99.com/test/newtours]]>
              </value>
            </param>
          </params>
          <reporter-output>
          </reporter-output>
        </test-method> <!-- login -->
        <test-method status="PASS" signature="validateCredential()[pri:0, instance:tests.TC001_ValidateUserCredential@1cab519]" name="validateCredential" duration-ms="3606" started-at="2020-11-07T22:39:11Z" finished-at="2020-11-07T22:39:14Z">
          <reporter-output>
          </reporter-output>
        </test-method> <!-- validateCredential -->
        <test-method status="PASS" signature="CloseBrowser()[pri:0, instance:tests.TC001_ValidateUserCredential@1cab519]" name="CloseBrowser" is-config="true" duration-ms="4133" started-at="2020-11-07T22:39:14Z" finished-at="2020-11-07T22:39:18Z">
          <reporter-output>
          </reporter-output>
        </test-method> <!-- CloseBrowser -->
      </class> <!-- tests.TC001_ValidateUserCredential -->
    </test> <!-- Test -->
  </suite> <!-- Suite -->
</testng-results>
